<?xml version="1.0" encoding="UTF-8"?>
<testng-results ignored="0" total="1" passed="1" failed="0" skipped="0">
  <reporter-output>
  </reporter-output>
  <suite started-at="2022-11-12T14:50:13 IST" name="Default suite" finished-at="2022-11-12T14:50:49 IST" duration-ms="35561">
    <groups>
    </groups>
    <test started-at="2022-11-12T14:50:13 IST" name="Default test" finished-at="2022-11-12T14:50:49 IST" duration-ms="35561">
      <class name="TestCases.AddToCart_Product_TestCase">
        <test-method is-config="true" signature="launchUrl()[pri:0, instance:TestCases.AddToCart_Product_TestCase@dbf57b3]" started-at="2022-11-12T14:50:13 IST" name="launchUrl" finished-at="2022-11-12T14:50:39 IST" duration-ms="25820" status="PASS">
          <reporter-output>
          </reporter-output>
        </test-method> <!-- launchUrl -->
        <test-method signature="VerifyAddToCartProduct()[pri:0, instance:TestCases.AddToCart_Product_TestCase@dbf57b3]" started-at="2022-11-12T14:50:39 IST" name="VerifyAddToCartProduct" finished-at="2022-11-12T14:50:49 IST" duration-ms="9594" status="PASS">
          <reporter-output>
          </reporter-output>
        </test-method> <!-- VerifyAddToCartProduct -->
      </class> <!-- TestCases.AddToCart_Product_TestCase -->
    </test> <!-- Default test -->
  </suite> <!-- Default suite -->
</testng-results>
